12/21/2015 15:10:43 - TESTE[2000000]: @item mejingjard
12/21/2015 15:11:26 - TESTE[2000000]: @item 2554 
12/21/2015 15:11:35 - TESTE[2000000]: @item 2555
12/21/2015 15:11:39 - TESTE[2000000]: @item 2535
12/21/2015 15:11:59 - TESTE[2000000]: @lvup 255
12/21/2015 15:12:25 - TESTE[2000000]: @monster 
12/21/2015 15:12:29 - TESTE[2000000]: @monster 2022
12/21/2015 15:19:23 - TESTE[2000000]: @item 13413
12/21/2015 15:20:13 - TESTE[2000000]: @jobchange 4
12/21/2015 15:20:16 - TESTE[2000000]: @jobchange 8
12/21/2015 15:20:22 - TESTE[2000000]: @jobchange 18
12/21/2015 15:20:27 - TESTE[2000000]: @jobchange 28
12/21/2015 15:20:42 - TESTE[2000000]: @jobchange 4008
12/21/2015 15:20:46 - TESTE[2000000]: @allskills
12/21/2015 16:06:49 - TESTE[2000000]: @joblvup 50
12/21/2015 16:07:09 - TESTE[2000000]: @joblvup 50
12/21/2015 16:07:19 - TESTE[2000000]: @allskills
12/21/2015 16:07:30 - TESTE[2000000]: @joblvup 50
12/21/2015 16:07:41 - TESTE[2000000]: @allskills
12/21/2015 16:07:46 - TESTE[2000000]: @joblvup 50
12/21/2015 16:07:48 - TESTE[2000000]: @allskills
12/21/2015 16:07:57 - TESTE[2000000]: @allskills
12/21/2015 16:07:59 - TESTE[2000000]: @joblvup 50
12/21/2015 16:08:04 - TESTE[2000000]: @allskills
12/21/2015 16:08:19 - TESTE[2000000]: @allskills
12/21/2015 16:08:25 - TESTE[2000000]: @joblvup 5003
12/21/2015 16:08:34 - TESTE[2000000]: @lvup 100
12/21/2015 16:08:36 - TESTE[2000000]: @lvup 100
12/21/2015 16:09:13 - TESTE[2000000]: @monster hidra
12/21/2015 16:09:49 - TESTE[2000000]: @kill hidra
12/21/2015 16:10:18 - TESTE[2000000]: @str + 100
12/21/2015 16:10:21 - TESTE[2000000]: @str +100
12/21/2015 16:10:23 - TESTE[2000000]: @str +100
12/21/2015 16:10:28 - TESTE[2000000]: @str +1000
12/21/2015 16:10:37 - TESTE[2000000]: @vit +1000
12/21/2015 16:10:38 - TESTE[2000000]: @vit +1000
12/21/2015 16:10:41 - TESTE[2000000]: @vit +10000
12/21/2015 16:10:42 - TESTE[2000000]: @vit +10000
12/21/2015 16:10:50 - TESTE[2000000]: @agi +200
12/21/2015 16:10:51 - TESTE[2000000]: @agi +200
12/21/2015 16:11:01 - TESTE[2000000]: @dex +1900
12/21/2015 16:11:04 - TESTE[2000000]: @dex +1900
12/21/2015 16:11:17 - TESTE[2000000]: @item 607 5000
12/21/2015 16:11:19 - TESTE[2000000]: @item 607 500
12/21/2015 16:11:36 - TESTE[2000000]: @monster hidra
12/21/2015 16:11:44 - TESTE[2000000]: @monster ifrit
12/21/2015 16:12:31 - TESTE[2000000]: @jobchange
12/22/2015 09:35:56 - Girl[2000001]: @item 
12/22/2015 09:36:14 - Girl[2000001]: @lvup 99
12/22/2015 09:40:47 - Girl[2000001]: @lvup 99
12/22/2015 09:50:20 - Girl[2000001]: @lvup 99
12/22/2015 09:50:23 - Girl[2000001]: @lvup 99
12/22/2015 09:50:41 - Girl[2000001]: @warp pay_fil04
12/22/2015 09:50:45 - Girl[2000001]: @warp pay_fild04
12/22/2015 10:03:04 - asdf[2000001]: @warp pay_fild04
12/22/2015 10:03:13 - asdf[2000001]: @str +200
12/22/2015 10:03:44 - asdf[2000001]: @warp pay_fild04
12/22/2015 10:03:50 - asdf[2000001]: @agi +200
12/22/2015 10:03:52 - asdf[2000001]: @warp pay_fild04
12/22/2015 10:03:53 - asdf[2000001]: @warp pay_fild04
12/22/2015 10:03:56 - asdf[2000001]: @warp pay_fild04
12/22/2015 10:04:06 - asdf[2000001]: @dex +200
12/22/2015 10:04:10 - asdf[2000001]: @warp anthell01
12/22/2015 10:04:22 - asdf[2000001]: @warp anthell01
12/22/2015 10:04:27 - asdf[2000001]: @warp anthell01
12/22/2015 10:04:42 - asdf[2000001]: @warp anthell01
12/22/2015 10:04:44 - asdf[2000001]: @warp anthell01
12/22/2015 10:04:45 - asdf[2000001]: @warp anthell01
12/22/2015 10:04:57 - asdf[2000001]: @warp anthell01
12/22/2015 10:06:01 - asdf[2000001]: @warp anthell02
12/22/2015 10:06:08 - asdf[2000001]: @warp anthell02
12/22/2015 10:06:20 - asdf[2000001]: @str +200
12/22/2015 10:06:27 - asdf[2000001]: @vit +200
12/22/2015 10:06:31 - asdf[2000001]: @dex +200
12/22/2015 10:06:36 - asdf[2000001]: @agi +200
12/22/2015 10:06:43 - asdf[2000001]: @warp anthell01
12/22/2015 10:07:00 - asdf[2000001]: @allskills
12/22/2015 10:07:06 - asdf[2000001]: @warp anthell01
12/22/2015 10:07:19 - asdf[2000001]: @warp anthell01
12/22/2015 10:07:24 - asdf[2000001]: @warp anthell01
12/22/2015 10:07:43 - asdf[2000001]: @warp anthell01
12/22/2015 10:07:44 - asdf[2000001]: @warp anthell01
12/22/2015 10:07:45 - asdf[2000001]: @warp anthell01
12/22/2015 10:07:46 - asdf[2000001]: @warp anthell01
12/22/2015 10:07:54 - asdf[2000001]: @warp anthell01
12/22/2015 10:18:57 - asdf[2000001]: @allskills
12/22/2015 10:19:12 - asdf[2000001]: @item rondel
12/22/2015 10:19:20 - asdf[2000001]: @warp tur_dun01
12/22/2015 10:19:27 - asdf[2000001]: @warp tur_dun01
12/22/2015 10:19:29 - asdf[2000001]: @warp tur_dun02
12/22/2015 10:19:31 - asdf[2000001]: @warp tur_dun02
12/22/2015 10:19:51 - asdf[2000001]: @warp tur_dun02
12/22/2015 10:19:58 - asdf[2000001]: @warp tur_dun02
12/22/2015 10:19:59 - asdf[2000001]: @warp tur_dun02
12/22/2015 10:20:16 - asdf[2000001]: @str +400
12/22/2015 10:20:40 - asdf[2000001]: @str +400
12/22/2015 10:20:42 - asdf[2000001]: @warp tur_dun02
12/22/2015 10:20:49 - asdf[2000001]: @warp tur_dun02
12/22/2015 10:21:00 - asdf[2000001]: @warp tur_dun02
12/22/2015 10:21:02 - asdf[2000001]: @warp tur_dun02
12/22/2015 10:21:03 - asdf[2000001]: @warp tur_dun02
12/22/2015 10:21:14 - asdf[2000001]: @allskills
12/22/2015 10:21:15 - asdf[2000001]: @warp tur_dun02
12/22/2015 10:21:24 - asdf[2000001]: @warp tur_dun02
12/22/2015 10:21:26 - asdf[2000001]: @warp tur_dun02
12/22/2015 10:21:37 - asdf[2000001]: @warp tur_dun02
12/22/2015 10:21:44 - asdf[2000001]: @warp lh_dun03
12/22/2015 10:21:48 - asdf[2000001]: @warp lhz_dun03
12/22/2015 10:21:54 - asdf[2000001]: @warp lhz_dun03
12/22/2015 10:22:09 - asdf[2000001]: @warp pay_fild04
12/22/2015 10:22:26 - asdf[2000001]: @str +500
12/22/2015 10:22:32 - asdf[2000001]: @agi +500
12/22/2015 10:22:41 - asdf[2000001]: @vit +1000
12/22/2015 10:22:48 - asdf[2000001]: @dex +500
12/22/2015 10:22:56 - asdf[2000001]: @warp pay_fild04
12/22/2015 10:22:57 - asdf[2000001]: @warp pay_fild04
12/22/2015 10:22:58 - asdf[2000001]: @warp pay_fild04
12/22/2015 10:23:01 - asdf[2000001]: @warp pay_fild04
12/22/2015 10:23:15 - asdf[2000001]: @warp pay_fild04
12/22/2015 10:23:42 - asdf[2000001]: @warp tur_dun02
12/22/2015 10:23:46 - asdf[2000001]: @warp tur_dun02
12/22/2015 10:23:46 - asdf[2000001]: @warp tur_dun02
12/22/2015 10:23:51 - asdf[2000001]: @warp tur_dun02
12/22/2015 10:23:52 - asdf[2000001]: @warp tur_dun02
12/22/2015 10:23:57 - asdf[2000001]: @warp tur_dun02
12/22/2015 10:24:05 - asdf[2000001]: @warp tur_dun02
12/22/2015 10:24:09 - asdf[2000001]: @warp tur_dun02
12/22/2015 10:24:10 - asdf[2000001]: @warp tur_dun02
12/22/2015 10:24:24 - asdf[2000001]: @allskills
12/22/2015 10:25:36 - asdf[2000001]: @item 5137
12/22/2015 10:25:52 - asdf[2000001]: @item 605 200
12/22/2015 10:25:58 - asdf[2000001]: @item 607 200
12/22/2015 10:26:21 - asdf[2000001]: @item 678 200
12/22/2015 10:26:30 - asdf[2000001]: @allskills
12/22/2015 10:26:38 - asdf[2000001]: @warp tur_dun03
12/22/2015 10:26:51 - asdf[2000001]: @item bisturi
12/22/2015 10:27:25 - asdf[2000001]: @warp tur_dun04
12/22/2015 10:27:38 - asdf[2000001]: @warp tur_dun04 94 76
12/22/2015 10:28:05 - asdf[2000001]: @refine 0 10
12/22/2015 10:51:23 - [ADMIN] Allan[2000000]: @jobchange
12/22/2015 10:51:40 - [ADMIN] Allan[2000000]: @jobchange 23
12/22/2015 10:51:47 - [ADMIN] Allan[2000000]: @lvup 2000
12/22/2015 10:51:55 - [ADMIN] Allan[2000000]: @allskills
12/22/2015 11:56:46 - [ADMIN] Allan[2000000]: @speed
12/22/2015 11:56:49 - [ADMIN] Allan[2000000]: @speed 1000
12/22/2015 11:56:53 - [ADMIN] Allan[2000000]: @speed 0
12/22/2015 11:57:47 - [ADMIN] Allan[2000000]: @speed 0
12/22/2015 17:22:44 - [ADMIN] Allan[2000000]: @item 607
12/22/2015 17:24:49 - [ADMIN] Allan[2000000]: @str =0
12/22/2015 17:25:02 - [ADMIN] Allan[2000000]: @str -70000000000000
12/22/2015 17:25:16 - [ADMIN] Allan[2000000]: @speed 0
12/22/2015 17:25:27 - [ADMIN] Allan[2000000]: @item 607 100
12/22/2015 17:25:31 - [ADMIN] Allan[2000000]: @item 607 100
12/22/2015 17:25:35 - [ADMIN] Allan[2000000]: @item 607 200
12/22/2015 17:25:38 - [ADMIN] Allan[2000000]: @item 607 200
12/22/2015 17:25:57 - [ADMIN] Allan[2000000]: @str +49
12/22/2015 17:26:13 - [ADMIN] Allan[2000000]: @item 607 200
12/22/2015 17:26:15 - [ADMIN] Allan[2000000]: @item 607 200
