12/21/2015 15:11:26 - 150000	A	2554,1,morocc
12/21/2015 15:19:23 - 150000	A	13413,1,new_1-1
12/21/2015 16:10:05 - 1068	M	962,-1,prontera
12/21/2015 16:11:17 - 150000	A	607,5000,prontera
12/21/2015 16:11:19 - 150000	A	607,500,prontera
12/21/2015 16:11:47 - 150000	C	607,-1,0,0,0,0,0,prontera
12/21/2015 16:11:49 - 150000	C	607,-1,0,0,0,0,0,prontera
12/21/2015 16:11:52 - 150000	C	607,-1,0,0,0,0,0,prontera
12/21/2015 16:11:54 - 150000	C	607,-1,0,0,0,0,0,prontera
12/21/2015 16:11:57 - 150000	C	607,-1,0,0,0,0,0,prontera
12/21/2015 16:12:02 - 150000	C	607,-1,0,0,0,0,0,prontera
12/21/2015 16:12:04 - 150000	C	607,-1,0,0,0,0,0,prontera
12/21/2015 16:12:06 - 150000	C	607,-1,0,0,0,0,0,prontera
12/21/2015 16:12:08 - 150000	C	607,-1,0,0,0,0,0,prontera
12/21/2015 16:12:09 - 150000	C	607,-1,0,0,0,0,0,prontera
12/21/2015 16:12:11 - 150000	C	607,-1,0,0,0,0,0,prontera
12/21/2015 16:12:13 - 150000	C	607,-1,0,0,0,0,0,prontera
12/21/2015 16:12:18 - 150000	C	607,-1,0,0,0,0,0,prontera
12/21/2015 16:12:19 - 1832	M	994,-1,prontera
12/21/2015 16:12:20 - 150000	C	607,-1,0,0,0,0,0,prontera
12/22/2015 09:51:04 - 1113	M	909,-1,pay_fild04
12/22/2015 10:02:39 - 1002	M	909,-1,pay_fild04
12/22/2015 10:02:41 - 1031	L	909,1,0,0,0,0,0,pay_fild04
12/22/2015 10:03:15 - 1002	M	909,-1,pay_fild04
12/22/2015 10:03:17 - 1031	L	909,1,0,0,0,0,0,pay_fild04
12/22/2015 10:03:21 - 1113	M	909,-1,pay_fild04
12/22/2015 10:03:22 - 1031	L	909,1,0,0,0,0,0,pay_fild04
12/22/2015 10:03:55 - 1002	M	909,-1,pay_fild04
12/22/2015 10:03:55 - 1002	M	512,-1,pay_fild04
12/22/2015 10:04:00 - 1002	M	909,-1,pay_fild04
12/22/2015 10:04:00 - 1002	M	512,-1,pay_fild04
12/22/2015 10:04:03 - 1002	M	909,-1,pay_fild04
12/22/2015 10:04:05 - 1031	L	909,1,0,0,0,0,0,pay_fild04
12/22/2015 10:04:06 - 1031	L	512,1,0,0,0,0,0,pay_fild04
12/22/2015 10:04:08 - 1031	L	909,1,0,0,0,0,0,pay_fild04
12/22/2015 10:04:15 - 1105	M	955,-1,anthell01
12/22/2015 10:04:16 - 1105	M	955,-1,anthell01
12/22/2015 10:04:16 - 1105	M	910,-1,anthell01
12/22/2015 10:04:17 - 1095	L	955,1,0,0,0,0,0,anthell01
12/22/2015 10:04:17 - 1095	L	955,1,0,0,0,0,0,anthell01
12/22/2015 10:04:17 - 1160	M	955,-1,anthell01
12/22/2015 10:04:17 - 1095	L	910,1,0,0,0,0,0,anthell01
12/22/2015 10:04:18 - 1095	L	955,1,0,0,0,0,0,anthell01
12/22/2015 10:04:18 - 1095	M	955,-1,anthell01
12/22/2015 10:04:18 - 1095	L	955,-1,0,0,0,0,0,anthell01
12/22/2015 10:04:18 - 1095	L	955,-1,0,0,0,0,0,anthell01
12/22/2015 10:04:18 - 1095	L	910,-1,0,0,0,0,0,anthell01
12/22/2015 10:04:18 - 1095	L	955,-1,0,0,0,0,0,anthell01
12/22/2015 10:04:20 - 1095	M	955,-1,anthell01
12/22/2015 10:04:24 - 1105	M	955,-1,anthell01
12/22/2015 10:04:25 - 1005	M	913,-1,anthell01
12/22/2015 10:04:25 - 1105	L	955,1,0,0,0,0,0,anthell01
12/22/2015 10:04:26 - 1105	L	913,1,0,0,0,0,0,anthell01
12/22/2015 10:04:27 - 1105	M	955,-1,anthell01
12/22/2015 10:04:27 - 1105	M	910,-1,anthell01
12/22/2015 10:04:27 - 1105	L	955,-1,0,0,0,0,0,anthell01
12/22/2015 10:04:27 - 1105	L	913,-1,0,0,0,0,0,anthell01
12/22/2015 10:04:30 - 1005	M	913,-1,anthell01
12/22/2015 10:04:31 - 1160	M	955,-1,anthell01
12/22/2015 10:04:31 - 1105	L	913,1,0,0,0,0,0,anthell01
12/22/2015 10:04:32 - 1105	L	955,1,0,0,0,0,0,anthell01
12/22/2015 10:04:32 - 1105	M	955,-1,anthell01
12/22/2015 10:04:32 - 1105	M	910,-1,anthell01
12/22/2015 10:04:32 - 1105	M	938,-1,anthell01
12/22/2015 10:04:32 - 1105	L	913,-1,0,0,0,0,0,anthell01
12/22/2015 10:04:32 - 1105	L	955,-1,0,0,0,0,0,anthell01
12/22/2015 10:04:33 - 1160	L	955,1,0,0,0,0,0,anthell01
12/22/2015 10:04:33 - 1160	L	910,1,0,0,0,0,0,anthell01
12/22/2015 10:04:33 - 1160	L	938,1,0,0,0,0,0,anthell01
12/22/2015 10:04:33 - 1160	L	913,1,0,0,0,0,0,anthell01
12/22/2015 10:04:33 - 1160	L	955,1,0,0,0,0,0,anthell01
12/22/2015 10:04:34 - 1160	M	955,-1,anthell01
12/22/2015 10:04:34 - 1160	M	938,-1,anthell01
12/22/2015 10:04:34 - 1160	L	955,-1,0,0,0,0,0,anthell01
12/22/2015 10:04:34 - 1160	L	910,-1,0,0,0,0,0,anthell01
12/22/2015 10:04:34 - 1160	L	938,-1,0,0,0,0,0,anthell01
12/22/2015 10:04:34 - 1160	L	913,-1,0,0,0,0,0,anthell01
12/22/2015 10:04:34 - 1160	L	955,-1,0,0,0,0,0,anthell01
12/22/2015 10:04:38 - 1105	M	955,-1,anthell01
12/22/2015 10:04:38 - 1105	L	955,1,0,0,0,0,0,anthell01
12/22/2015 10:04:39 - 1105	M	955,-1,anthell01
12/22/2015 10:04:39 - 1105	L	955,-1,0,0,0,0,0,anthell01
12/22/2015 10:04:39 - 1160	L	955,1,0,0,0,0,0,anthell01
12/22/2015 10:04:39 - 1160	L	955,1,0,0,0,0,0,anthell01
12/22/2015 10:04:40 - 1160	M	955,-1,anthell01
12/22/2015 10:04:40 - 1160	L	955,-1,0,0,0,0,0,anthell01
12/22/2015 10:04:40 - 1160	L	955,-1,0,0,0,0,0,anthell01
12/22/2015 10:04:41 - 1176	M	518,-1,anthell01
12/22/2015 10:04:47 - 1095	M	955,-1,anthell01
12/22/2015 10:04:47 - 1095	M	938,-1,anthell01
12/22/2015 10:04:52 - 1005	M	913,-1,anthell01
12/22/2015 10:04:54 - 1105	M	955,-1,anthell01
12/22/2015 10:04:54 - 1105	M	910,-1,anthell01
12/22/2015 10:04:56 - 1095	M	955,-1,anthell01
12/22/2015 10:04:59 - 1160	M	955,-1,anthell01
12/22/2015 10:04:59 - 1160	M	910,-1,anthell01
12/22/2015 10:04:59 - 1160	L	910,1,0,0,0,0,0,anthell01
12/22/2015 10:05:00 - 1160	L	955,1,0,0,0,0,0,anthell01
12/22/2015 10:05:01 - 1160	M	955,-1,anthell01
12/22/2015 10:05:01 - 1160	L	910,-1,0,0,0,0,0,anthell01
12/22/2015 10:05:01 - 1160	L	955,-1,0,0,0,0,0,anthell01
12/22/2015 10:05:04 - 1005	M	913,-1,anthell01
12/22/2015 10:05:04 - 1005	M	507,-1,anthell01
12/22/2015 10:05:05 - 1160	L	913,1,0,0,0,0,0,anthell01
12/22/2015 10:05:06 - 1160	M	955,-1,anthell01
12/22/2015 10:05:06 - 1160	L	913,-1,0,0,0,0,0,anthell01
12/22/2015 10:06:47 - 1105	M	938,-1,anthell01
12/22/2015 10:07:10 - 1105	M	955,-1,anthell01
12/22/2015 10:07:11 - 1005	M	913,-1,anthell01
12/22/2015 10:07:14 - 1095	M	955,-1,anthell01
12/22/2015 10:07:17 - 1105	M	955,-1,anthell01
12/22/2015 10:07:17 - 1105	M	910,-1,anthell01
12/22/2015 10:07:18 - 1105	L	955,1,0,0,0,0,0,anthell01
12/22/2015 10:07:18 - 1105	L	955,-1,0,0,0,0,0,anthell01
12/22/2015 10:07:21 - 1160	M	955,-1,anthell01
12/22/2015 10:07:24 - 1105	M	955,-1,anthell01
12/22/2015 10:07:24 - 1105	M	938,-1,anthell01
12/22/2015 10:07:28 - 1105	M	955,-1,anthell01
12/22/2015 10:07:28 - 1105	M	910,-1,anthell01
12/22/2015 10:07:29 - 1105	L	910,1,0,0,0,0,0,anthell01
12/22/2015 10:07:29 - 1105	M	955,-1,anthell01
12/22/2015 10:07:29 - 1105	M	938,-1,anthell01
12/22/2015 10:07:29 - 1105	L	910,-1,0,0,0,0,0,anthell01
12/22/2015 10:07:31 - 1095	L	955,1,0,0,0,0,0,anthell01
12/22/2015 10:07:31 - 1095	L	938,1,0,0,0,0,0,anthell01
12/22/2015 10:07:31 - 1095	L	910,1,0,0,0,0,0,anthell01
12/22/2015 10:07:32 - 1160	L	955,1,0,0,0,0,0,anthell01
12/22/2015 10:07:33 - 1160	M	955,-1,anthell01
12/22/2015 10:07:33 - 1160	L	955,-1,0,0,0,0,0,anthell01
12/22/2015 10:07:33 - 1095	L	955,1,0,0,0,0,0,anthell01
12/22/2015 10:07:33 - 1105	L	955,1,0,0,0,0,0,anthell01
12/22/2015 10:07:34 - 1005	M	913,-1,anthell01
12/22/2015 10:07:34 - 1005	M	507,-1,anthell01
12/22/2015 10:07:35 - 1105	L	913,1,0,0,0,0,0,anthell01
12/22/2015 10:07:35 - 1105	L	507,1,0,0,0,0,0,anthell01
12/22/2015 10:07:35 - 1105	M	955,-1,anthell01
12/22/2015 10:07:35 - 1105	L	955,-1,0,0,0,0,0,anthell01
12/22/2015 10:07:35 - 1105	L	913,-1,0,0,0,0,0,anthell01
12/22/2015 10:07:35 - 1105	L	507,-1,0,0,0,0,0,anthell01
12/22/2015 10:07:36 - 1095	L	913,1,0,0,0,0,0,anthell01
12/22/2015 10:07:36 - 1095	L	955,1,0,0,0,0,0,anthell01
12/22/2015 10:07:36 - 1095	L	955,1,0,0,0,0,0,anthell01
12/22/2015 10:07:36 - 1095	L	507,1,0,0,0,0,0,anthell01
12/22/2015 10:07:37 - 1095	L	955,-1,0,0,0,0,0,anthell01
12/22/2015 10:07:37 - 1095	L	938,-1,0,0,0,0,0,anthell01
12/22/2015 10:07:37 - 1095	L	910,-1,0,0,0,0,0,anthell01
12/22/2015 10:07:37 - 1095	L	955,-1,0,0,0,0,0,anthell01
12/22/2015 10:07:37 - 1095	L	913,-1,0,0,0,0,0,anthell01
12/22/2015 10:07:37 - 1095	L	955,-1,0,0,0,0,0,anthell01
12/22/2015 10:07:37 - 1095	L	955,-1,0,0,0,0,0,anthell01
12/22/2015 10:07:37 - 1095	L	507,-1,0,0,0,0,0,anthell01
12/22/2015 10:07:42 - 1005	M	913,-1,anthell01
12/22/2015 10:07:42 - 1005	M	514,-1,anthell01
12/22/2015 10:07:42 - 1005	M	507,-1,anthell01
12/22/2015 10:07:49 - 1105	M	955,-1,anthell01
12/22/2015 10:07:49 - 1105	M	910,-1,anthell01
12/22/2015 10:07:51 - 1160	M	955,-1,anthell01
12/22/2015 10:07:51 - 1160	M	938,-1,anthell01
12/22/2015 10:07:53 - 1160	M	955,-1,anthell01
12/22/2015 10:07:57 - 1095	M	955,-1,anthell01
12/22/2015 10:07:57 - 1105	L	955,1,0,0,0,0,0,anthell01
12/22/2015 10:07:59 - 1105	M	955,-1,anthell01
12/22/2015 10:07:59 - 1105	L	955,-1,0,0,0,0,0,anthell01
12/22/2015 10:07:59 - 1160	L	955,1,0,0,0,0,0,anthell01
12/22/2015 10:07:59 - 1160	L	955,1,0,0,0,0,0,anthell01
12/22/2015 10:08:00 - 1160	M	955,-1,anthell01
12/22/2015 10:08:00 - 1160	M	938,-1,anthell01
12/22/2015 10:08:00 - 1160	L	955,-1,0,0,0,0,0,anthell01
12/22/2015 10:08:00 - 1160	L	955,-1,0,0,0,0,0,anthell01
12/22/2015 10:08:02 - 1176	M	955,-1,anthell01
12/22/2015 10:18:42 - 1005	M	913,-1,anthell01
12/22/2015 10:18:42 - 1005	M	1105,-1,anthell01
12/22/2015 10:18:42 - 1005	M	2209,-1,anthell01
12/22/2015 10:18:42 - 1005	M	601,-1,anthell01
12/22/2015 10:18:42 - 1005	M	514,-1,anthell01
12/22/2015 10:18:42 - 1005	M	507,-1,anthell01
12/22/2015 10:18:42 - 1005	M	645,-1,anthell01
12/22/2015 10:18:42 - 1005	M	4020,-1,anthell01
12/22/2015 10:18:43 - 1176	M	993,-1,anthell01
12/22/2015 10:18:43 - 1176	M	955,-1,anthell01
12/22/2015 10:18:43 - 1176	M	911,-1,anthell01
12/22/2015 10:18:43 - 1176	M	518,-1,anthell01
12/22/2015 10:18:43 - 1176	M	526,-1,anthell01
12/22/2015 10:18:43 - 1176	M	756,-1,anthell01
12/22/2015 10:18:43 - 1176	M	4053,-1,anthell01
12/22/2015 10:18:45 - 1160	M	955,-1,anthell01
12/22/2015 10:18:45 - 1160	M	910,-1,anthell01
12/22/2015 10:18:45 - 1160	M	938,-1,anthell01
12/22/2015 10:18:45 - 1160	M	992,-1,anthell01
12/22/2015 10:18:45 - 1160	M	1001,-1,anthell01
12/22/2015 10:18:45 - 1160	M	1002,-1,anthell01
12/22/2015 10:18:45 - 1160	M	757,-1,anthell01
12/22/2015 10:18:50 - 1160	M	955,-1,anthell01
12/22/2015 10:18:50 - 1160	M	910,-1,anthell01
12/22/2015 10:18:50 - 1160	M	938,-1,anthell01
12/22/2015 10:18:50 - 1160	M	992,-1,anthell01
12/22/2015 10:18:50 - 1160	M	1001,-1,anthell01
12/22/2015 10:18:50 - 1160	M	1002,-1,anthell01
12/22/2015 10:18:50 - 1160	M	757,-1,anthell01
12/22/2015 10:18:51 - 1105	L	992,1,0,0,0,0,0,anthell01
12/22/2015 10:18:52 - 1105	L	955,1,0,0,0,0,0,anthell01
12/22/2015 10:18:52 - 1105	L	1001,1,0,0,0,0,0,anthell01
12/22/2015 10:18:52 - 1105	M	955,-1,anthell01
12/22/2015 10:18:52 - 1105	M	910,-1,anthell01
12/22/2015 10:18:52 - 1105	M	938,-1,anthell01
12/22/2015 10:18:52 - 1105	M	990,-1,anthell01
12/22/2015 10:18:52 - 1105	M	1001,-1,anthell01
12/22/2015 10:18:52 - 1105	M	1002,-1,anthell01
12/22/2015 10:18:52 - 1105	M	757,-1,anthell01
12/22/2015 10:18:52 - 1105	L	992,-1,0,0,0,0,0,anthell01
12/22/2015 10:18:52 - 1105	L	955,-1,0,0,0,0,0,anthell01
12/22/2015 10:18:52 - 1105	L	1001,-1,0,0,0,0,0,anthell01
12/22/2015 10:19:12 - 150002	A	1230,1,prontera
12/22/2015 10:19:27 - 1321	M	7064,-1,tur_dun01
12/22/2015 10:19:27 - 1321	M	1096,-1,tur_dun01
12/22/2015 10:19:27 - 1321	M	943,-1,tur_dun01
12/22/2015 10:19:27 - 1321	M	2207,-1,tur_dun01
12/22/2015 10:19:27 - 1321	M	2226,-1,tur_dun01
12/22/2015 10:19:27 - 1321	M	601,-1,tur_dun01
12/22/2015 10:19:27 - 1321	M	602,-1,tur_dun01
12/22/2015 10:19:27 - 1321	M	4178,-1,tur_dun01
12/22/2015 10:19:38 - 1316	M	967,-1,tur_dun02
12/22/2015 10:19:38 - 1316	M	7070,-1,tur_dun02
12/22/2015 10:19:38 - 1316	M	7067,-1,tur_dun02
12/22/2015 10:19:38 - 1316	M	508,-1,tur_dun02
12/22/2015 10:19:38 - 1316	M	912,-1,tur_dun02
12/22/2015 10:19:38 - 1316	M	518,-1,tur_dun02
12/22/2015 10:19:38 - 1316	M	1519,-1,tur_dun02
12/22/2015 10:19:38 - 1316	M	4220,-1,tur_dun02
12/22/2015 10:19:42 - 1319	M	967,-1,tur_dun02
12/22/2015 10:19:42 - 1319	M	7070,-1,tur_dun02
12/22/2015 10:19:42 - 1319	M	7066,-1,tur_dun02
12/22/2015 10:19:42 - 1319	M	912,-1,tur_dun02
12/22/2015 10:19:42 - 1319	M	526,-1,tur_dun02
12/22/2015 10:19:42 - 1319	M	7053,-1,tur_dun02
12/22/2015 10:19:42 - 1319	M	689,-1,tur_dun02
12/22/2015 10:19:42 - 1319	M	4319,-1,tur_dun02
12/22/2015 10:19:51 - 1314	M	967,-1,tur_dun02
12/22/2015 10:19:51 - 1314	M	7070,-1,tur_dun02
12/22/2015 10:19:51 - 1314	M	1019,-1,tur_dun02
12/22/2015 10:19:51 - 1314	M	507,-1,tur_dun02
12/22/2015 10:19:51 - 1314	M	912,-1,tur_dun02
12/22/2015 10:19:51 - 1314	M	522,-1,tur_dun02
12/22/2015 10:19:51 - 1314	M	605,-1,tur_dun02
12/22/2015 10:19:55 - 1314	M	967,-1,tur_dun02
12/22/2015 10:19:55 - 1314	M	7070,-1,tur_dun02
12/22/2015 10:19:55 - 1314	M	1019,-1,tur_dun02
12/22/2015 10:19:55 - 1314	M	507,-1,tur_dun02
12/22/2015 10:19:55 - 1314	M	912,-1,tur_dun02
12/22/2015 10:19:55 - 1314	M	522,-1,tur_dun02
12/22/2015 10:19:55 - 1314	M	605,-1,tur_dun02
12/22/2015 10:19:55 - 1314	M	4311,-1,tur_dun02
12/22/2015 10:20:02 - 1256	M	1055,-1,tur_dun02
12/22/2015 10:20:02 - 1256	M	7054,-1,tur_dun02
12/22/2015 10:20:02 - 1256	M	702,-1,tur_dun02
12/22/2015 10:20:02 - 1256	M	605,-1,tur_dun02
12/22/2015 10:20:02 - 1256	M	716,-1,tur_dun02
12/22/2015 10:20:02 - 1256	M	756,-1,tur_dun02
12/22/2015 10:20:07 - 1316	M	967,-1,tur_dun02
12/22/2015 10:20:07 - 1316	M	7070,-1,tur_dun02
12/22/2015 10:20:07 - 1316	M	7067,-1,tur_dun02
12/22/2015 10:20:07 - 1316	M	508,-1,tur_dun02
12/22/2015 10:20:07 - 1316	M	912,-1,tur_dun02
12/22/2015 10:20:07 - 1316	M	518,-1,tur_dun02
12/22/2015 10:20:07 - 1316	M	1519,-1,tur_dun02
12/22/2015 10:20:07 - 1316	M	4220,-1,tur_dun02
12/22/2015 10:20:22 - 1314	M	967,-1,tur_dun02
12/22/2015 10:20:22 - 1314	M	7070,-1,tur_dun02
12/22/2015 10:20:22 - 1314	M	1019,-1,tur_dun02
12/22/2015 10:20:22 - 1314	M	507,-1,tur_dun02
12/22/2015 10:20:22 - 1314	M	912,-1,tur_dun02
12/22/2015 10:20:22 - 1314	M	522,-1,tur_dun02
12/22/2015 10:20:22 - 1314	M	605,-1,tur_dun02
12/22/2015 10:20:22 - 1314	M	4311,-1,tur_dun02
12/22/2015 10:20:24 - 1256	M	1055,-1,tur_dun02
12/22/2015 10:20:24 - 1256	M	7054,-1,tur_dun02
12/22/2015 10:20:24 - 1256	M	702,-1,tur_dun02
12/22/2015 10:20:24 - 1256	M	605,-1,tur_dun02
12/22/2015 10:20:24 - 1256	M	716,-1,tur_dun02
12/22/2015 10:20:24 - 1256	M	756,-1,tur_dun02
12/22/2015 10:20:26 - 1314	M	967,-1,tur_dun02
12/22/2015 10:20:26 - 1314	M	7070,-1,tur_dun02
12/22/2015 10:20:26 - 1314	M	1019,-1,tur_dun02
12/22/2015 10:20:26 - 1314	M	507,-1,tur_dun02
12/22/2015 10:20:26 - 1314	M	912,-1,tur_dun02
12/22/2015 10:20:26 - 1314	M	522,-1,tur_dun02
12/22/2015 10:20:26 - 1314	M	605,-1,tur_dun02
12/22/2015 10:20:26 - 1314	M	4311,-1,tur_dun02
12/22/2015 10:20:28 - 1316	M	967,-1,tur_dun02
12/22/2015 10:20:28 - 1316	M	7070,-1,tur_dun02
12/22/2015 10:20:28 - 1316	M	7067,-1,tur_dun02
12/22/2015 10:20:28 - 1316	M	508,-1,tur_dun02
12/22/2015 10:20:28 - 1316	M	912,-1,tur_dun02
12/22/2015 10:20:28 - 1316	M	518,-1,tur_dun02
12/22/2015 10:20:28 - 1316	M	1519,-1,tur_dun02
12/22/2015 10:20:28 - 1316	M	4220,-1,tur_dun02
12/22/2015 10:20:30 - 1316	M	967,-1,tur_dun02
12/22/2015 10:20:30 - 1316	M	7070,-1,tur_dun02
12/22/2015 10:20:30 - 1316	M	7067,-1,tur_dun02
12/22/2015 10:20:30 - 1316	M	508,-1,tur_dun02
12/22/2015 10:20:30 - 1316	M	912,-1,tur_dun02
12/22/2015 10:20:30 - 1316	M	518,-1,tur_dun02
12/22/2015 10:20:30 - 1316	M	1519,-1,tur_dun02
12/22/2015 10:20:32 - 1314	M	967,-1,tur_dun02
12/22/2015 10:20:32 - 1314	M	7070,-1,tur_dun02
12/22/2015 10:20:32 - 1314	M	1019,-1,tur_dun02
12/22/2015 10:20:32 - 1314	M	507,-1,tur_dun02
12/22/2015 10:20:32 - 1314	M	912,-1,tur_dun02
12/22/2015 10:20:32 - 1314	M	522,-1,tur_dun02
12/22/2015 10:20:32 - 1314	M	605,-1,tur_dun02
12/22/2015 10:20:32 - 1314	M	4311,-1,tur_dun02
12/22/2015 10:20:35 - 1316	M	967,-1,tur_dun02
12/22/2015 10:20:35 - 1316	M	7070,-1,tur_dun02
12/22/2015 10:20:35 - 1316	M	7067,-1,tur_dun02
12/22/2015 10:20:35 - 1316	M	508,-1,tur_dun02
12/22/2015 10:20:35 - 1316	M	912,-1,tur_dun02
12/22/2015 10:20:35 - 1316	M	518,-1,tur_dun02
12/22/2015 10:20:35 - 1316	M	1519,-1,tur_dun02
12/22/2015 10:20:35 - 1316	M	4220,-1,tur_dun02
12/22/2015 10:20:36 - 1316	M	967,-1,tur_dun02
12/22/2015 10:20:36 - 1316	M	7070,-1,tur_dun02
12/22/2015 10:20:36 - 1316	M	7067,-1,tur_dun02
12/22/2015 10:20:36 - 1316	M	508,-1,tur_dun02
12/22/2015 10:20:36 - 1316	M	912,-1,tur_dun02
12/22/2015 10:20:36 - 1316	M	518,-1,tur_dun02
12/22/2015 10:20:36 - 1316	M	1519,-1,tur_dun02
12/22/2015 10:20:38 - 1319	M	967,-1,tur_dun02
12/22/2015 10:20:38 - 1319	M	7070,-1,tur_dun02
12/22/2015 10:20:38 - 1319	M	7066,-1,tur_dun02
12/22/2015 10:20:38 - 1319	M	912,-1,tur_dun02
12/22/2015 10:20:38 - 1319	M	526,-1,tur_dun02
12/22/2015 10:20:38 - 1319	M	7053,-1,tur_dun02
12/22/2015 10:20:38 - 1319	M	689,-1,tur_dun02
12/22/2015 10:20:44 - 1314	M	967,-1,tur_dun02
12/22/2015 10:20:44 - 1314	M	7070,-1,tur_dun02
12/22/2015 10:20:44 - 1314	M	1019,-1,tur_dun02
12/22/2015 10:20:44 - 1314	M	507,-1,tur_dun02
12/22/2015 10:20:44 - 1314	M	912,-1,tur_dun02
12/22/2015 10:20:44 - 1314	M	522,-1,tur_dun02
12/22/2015 10:20:44 - 1314	M	605,-1,tur_dun02
12/22/2015 10:20:47 - 1256	M	1055,-1,tur_dun02
12/22/2015 10:20:47 - 1256	M	7054,-1,tur_dun02
12/22/2015 10:20:47 - 1256	M	702,-1,tur_dun02
12/22/2015 10:20:47 - 1256	M	605,-1,tur_dun02
12/22/2015 10:20:47 - 1256	M	716,-1,tur_dun02
12/22/2015 10:20:47 - 1256	M	756,-1,tur_dun02
12/22/2015 10:20:49 - 1314	M	967,-1,tur_dun02
12/22/2015 10:20:49 - 1314	M	7070,-1,tur_dun02
12/22/2015 10:20:49 - 1314	M	1019,-1,tur_dun02
12/22/2015 10:20:49 - 1314	M	507,-1,tur_dun02
12/22/2015 10:20:49 - 1314	M	912,-1,tur_dun02
12/22/2015 10:20:49 - 1314	M	522,-1,tur_dun02
12/22/2015 10:20:49 - 1314	M	605,-1,tur_dun02
12/22/2015 10:20:54 - 1314	M	967,-1,tur_dun02
12/22/2015 10:20:54 - 1314	M	7070,-1,tur_dun02
12/22/2015 10:20:54 - 1314	M	1019,-1,tur_dun02
12/22/2015 10:20:54 - 1314	M	507,-1,tur_dun02
12/22/2015 10:20:54 - 1314	M	912,-1,tur_dun02
12/22/2015 10:20:54 - 1314	M	522,-1,tur_dun02
12/22/2015 10:20:54 - 1314	M	605,-1,tur_dun02
12/22/2015 10:20:55 - 1319	M	967,-1,tur_dun02
12/22/2015 10:20:55 - 1319	M	7070,-1,tur_dun02
12/22/2015 10:20:55 - 1319	M	7066,-1,tur_dun02
12/22/2015 10:20:55 - 1319	M	912,-1,tur_dun02
12/22/2015 10:20:55 - 1319	M	526,-1,tur_dun02
12/22/2015 10:20:55 - 1319	M	7053,-1,tur_dun02
12/22/2015 10:20:55 - 1319	M	689,-1,tur_dun02
12/22/2015 10:20:55 - 1319	M	4319,-1,tur_dun02
12/22/2015 10:20:57 - 1314	M	967,-1,tur_dun02
12/22/2015 10:20:57 - 1314	M	7070,-1,tur_dun02
12/22/2015 10:20:57 - 1314	M	1019,-1,tur_dun02
12/22/2015 10:20:57 - 1314	M	507,-1,tur_dun02
12/22/2015 10:20:57 - 1314	M	912,-1,tur_dun02
12/22/2015 10:20:57 - 1314	M	522,-1,tur_dun02
12/22/2015 10:20:57 - 1314	M	605,-1,tur_dun02
12/22/2015 10:20:57 - 1314	M	4311,-1,tur_dun02
12/22/2015 10:20:59 - 1316	M	967,-1,tur_dun02
12/22/2015 10:20:59 - 1316	M	7070,-1,tur_dun02
12/22/2015 10:20:59 - 1316	M	7067,-1,tur_dun02
12/22/2015 10:20:59 - 1316	M	508,-1,tur_dun02
12/22/2015 10:20:59 - 1316	M	912,-1,tur_dun02
12/22/2015 10:20:59 - 1316	M	518,-1,tur_dun02
12/22/2015 10:20:59 - 1316	M	1519,-1,tur_dun02
12/22/2015 10:20:59 - 1316	M	4220,-1,tur_dun02
12/22/2015 10:21:05 - 1316	M	967,-1,tur_dun02
12/22/2015 10:21:05 - 1316	M	7070,-1,tur_dun02
12/22/2015 10:21:05 - 1316	M	7067,-1,tur_dun02
12/22/2015 10:21:05 - 1316	M	508,-1,tur_dun02
12/22/2015 10:21:05 - 1316	M	912,-1,tur_dun02
12/22/2015 10:21:05 - 1316	M	518,-1,tur_dun02
12/22/2015 10:21:05 - 1316	M	1519,-1,tur_dun02
12/22/2015 10:21:05 - 1316	M	4220,-1,tur_dun02
12/22/2015 10:21:07 - 1314	M	967,-1,tur_dun02
12/22/2015 10:21:07 - 1314	M	7070,-1,tur_dun02
12/22/2015 10:21:07 - 1314	M	1019,-1,tur_dun02
12/22/2015 10:21:07 - 1314	M	507,-1,tur_dun02
12/22/2015 10:21:07 - 1314	M	912,-1,tur_dun02
12/22/2015 10:21:07 - 1314	M	522,-1,tur_dun02
12/22/2015 10:21:07 - 1314	M	605,-1,tur_dun02
12/22/2015 10:21:10 - 1314	M	967,-1,tur_dun02
12/22/2015 10:21:10 - 1314	M	7070,-1,tur_dun02
12/22/2015 10:21:10 - 1314	M	1019,-1,tur_dun02
12/22/2015 10:21:10 - 1314	M	507,-1,tur_dun02
12/22/2015 10:21:10 - 1314	M	912,-1,tur_dun02
12/22/2015 10:21:10 - 1314	M	522,-1,tur_dun02
12/22/2015 10:21:10 - 1314	M	605,-1,tur_dun02
12/22/2015 10:21:17 - 1316	M	967,-1,tur_dun02
12/22/2015 10:21:17 - 1316	M	7070,-1,tur_dun02
12/22/2015 10:21:17 - 1316	M	7067,-1,tur_dun02
12/22/2015 10:21:17 - 1316	M	508,-1,tur_dun02
12/22/2015 10:21:17 - 1316	M	912,-1,tur_dun02
12/22/2015 10:21:17 - 1316	M	518,-1,tur_dun02
12/22/2015 10:21:17 - 1316	M	1519,-1,tur_dun02
12/22/2015 10:21:17 - 1316	M	4220,-1,tur_dun02
12/22/2015 10:21:18 - 1256	M	1055,-1,tur_dun02
12/22/2015 10:21:18 - 1256	M	7054,-1,tur_dun02
12/22/2015 10:21:18 - 1256	M	702,-1,tur_dun02
12/22/2015 10:21:18 - 1256	M	605,-1,tur_dun02
12/22/2015 10:21:18 - 1256	M	716,-1,tur_dun02
12/22/2015 10:21:18 - 1256	M	756,-1,tur_dun02
12/22/2015 10:21:18 - 1256	M	4315,-1,tur_dun02
12/22/2015 10:21:21 - 1316	M	967,-1,tur_dun02
12/22/2015 10:21:21 - 1316	M	7070,-1,tur_dun02
12/22/2015 10:21:21 - 1316	M	7067,-1,tur_dun02
12/22/2015 10:21:21 - 1316	M	508,-1,tur_dun02
12/22/2015 10:21:21 - 1316	M	912,-1,tur_dun02
12/22/2015 10:21:21 - 1316	M	518,-1,tur_dun02
12/22/2015 10:21:21 - 1316	M	1519,-1,tur_dun02
12/22/2015 10:21:23 - 1314	M	967,-1,tur_dun02
12/22/2015 10:21:23 - 1314	M	7070,-1,tur_dun02
12/22/2015 10:21:23 - 1314	M	1019,-1,tur_dun02
12/22/2015 10:21:23 - 1314	M	507,-1,tur_dun02
12/22/2015 10:21:23 - 1314	M	912,-1,tur_dun02
12/22/2015 10:21:23 - 1314	M	522,-1,tur_dun02
12/22/2015 10:21:23 - 1314	M	605,-1,tur_dun02
12/22/2015 10:21:23 - 1314	M	4311,-1,tur_dun02
12/22/2015 10:21:28 - 1314	M	967,-1,tur_dun02
12/22/2015 10:21:28 - 1314	M	7070,-1,tur_dun02
12/22/2015 10:21:28 - 1314	M	1019,-1,tur_dun02
12/22/2015 10:21:28 - 1314	M	507,-1,tur_dun02
12/22/2015 10:21:28 - 1314	M	912,-1,tur_dun02
12/22/2015 10:21:28 - 1314	M	522,-1,tur_dun02
12/22/2015 10:21:28 - 1314	M	605,-1,tur_dun02
12/22/2015 10:21:28 - 1314	M	4311,-1,tur_dun02
12/22/2015 10:21:29 - 1314	M	967,-1,tur_dun02
12/22/2015 10:21:29 - 1314	M	7070,-1,tur_dun02
12/22/2015 10:21:29 - 1314	M	1019,-1,tur_dun02
12/22/2015 10:21:29 - 1314	M	507,-1,tur_dun02
12/22/2015 10:21:29 - 1314	M	912,-1,tur_dun02
12/22/2015 10:21:29 - 1314	M	522,-1,tur_dun02
12/22/2015 10:21:29 - 1314	M	605,-1,tur_dun02
12/22/2015 10:21:30 - 1316	M	967,-1,tur_dun02
12/22/2015 10:21:30 - 1316	M	7070,-1,tur_dun02
12/22/2015 10:21:30 - 1316	M	7067,-1,tur_dun02
12/22/2015 10:21:30 - 1316	M	508,-1,tur_dun02
12/22/2015 10:21:30 - 1316	M	912,-1,tur_dun02
12/22/2015 10:21:30 - 1316	M	518,-1,tur_dun02
12/22/2015 10:21:30 - 1316	M	1519,-1,tur_dun02
12/22/2015 10:21:30 - 1316	M	4220,-1,tur_dun02
12/22/2015 10:21:32 - 1314	M	967,-1,tur_dun02
12/22/2015 10:21:32 - 1314	M	7070,-1,tur_dun02
12/22/2015 10:21:32 - 1314	M	1019,-1,tur_dun02
12/22/2015 10:21:32 - 1314	M	507,-1,tur_dun02
12/22/2015 10:21:32 - 1314	M	912,-1,tur_dun02
12/22/2015 10:21:32 - 1314	M	522,-1,tur_dun02
12/22/2015 10:21:32 - 1314	M	605,-1,tur_dun02
12/22/2015 10:21:32 - 1314	M	4311,-1,tur_dun02
12/22/2015 10:21:33 - 1319	M	967,-1,tur_dun02
12/22/2015 10:21:33 - 1319	M	7070,-1,tur_dun02
12/22/2015 10:21:33 - 1319	M	7066,-1,tur_dun02
12/22/2015 10:21:33 - 1319	M	912,-1,tur_dun02
12/22/2015 10:21:33 - 1319	M	526,-1,tur_dun02
12/22/2015 10:21:33 - 1319	M	7053,-1,tur_dun02
12/22/2015 10:21:33 - 1319	M	689,-1,tur_dun02
12/22/2015 10:21:33 - 1319	M	4319,-1,tur_dun02
12/22/2015 10:21:35 - 1314	M	967,-1,tur_dun02
12/22/2015 10:21:35 - 1314	M	7070,-1,tur_dun02
12/22/2015 10:21:35 - 1314	M	1019,-1,tur_dun02
12/22/2015 10:21:35 - 1314	M	507,-1,tur_dun02
12/22/2015 10:21:35 - 1314	M	912,-1,tur_dun02
12/22/2015 10:21:35 - 1314	M	522,-1,tur_dun02
12/22/2015 10:21:35 - 1314	M	605,-1,tur_dun02
12/22/2015 10:21:36 - 1314	M	967,-1,tur_dun02
12/22/2015 10:21:36 - 1314	M	7070,-1,tur_dun02
12/22/2015 10:21:36 - 1314	M	1019,-1,tur_dun02
12/22/2015 10:21:36 - 1314	M	507,-1,tur_dun02
12/22/2015 10:21:36 - 1314	M	912,-1,tur_dun02
12/22/2015 10:21:36 - 1314	M	522,-1,tur_dun02
12/22/2015 10:21:36 - 1314	M	605,-1,tur_dun02
12/22/2015 10:21:36 - 1314	M	4311,-1,tur_dun02
12/22/2015 10:21:53 - 1637	M	7347,-1,lhz_dun03
12/22/2015 10:21:53 - 1637	M	2607,-1,lhz_dun03
12/22/2015 10:21:53 - 1637	M	1602,-1,lhz_dun03
12/22/2015 10:21:53 - 1637	M	1561,-1,lhz_dun03
12/22/2015 10:21:53 - 1637	M	2327,-1,lhz_dun03
12/22/2015 10:21:53 - 1637	M	603,-1,lhz_dun03
12/22/2015 10:21:53 - 1637	M	2504,-1,lhz_dun03
12/22/2015 10:21:53 - 1637	M	1647,-1,lhz_dun03
12/22/2015 10:23:00 - 1002	M	909,-1,pay_fild04
12/22/2015 10:23:00 - 1002	M	1202,-1,pay_fild04
12/22/2015 10:23:00 - 1002	M	938,-1,pay_fild04
12/22/2015 10:23:00 - 1002	M	512,-1,pay_fild04
12/22/2015 10:23:00 - 1002	M	713,-1,pay_fild04
12/22/2015 10:23:00 - 1002	M	512,-1,pay_fild04
12/22/2015 10:23:00 - 1002	M	619,-1,pay_fild04
12/22/2015 10:23:00 - 1002	M	4001,-1,pay_fild04
12/22/2015 10:23:03 - 1031	M	938,-1,pay_fild04
12/22/2015 10:23:03 - 1031	M	910,-1,pay_fild04
12/22/2015 10:23:03 - 1031	M	511,-1,pay_fild04
12/22/2015 10:23:03 - 1031	M	514,-1,pay_fild04
12/22/2015 10:23:03 - 1031	M	512,-1,pay_fild04
12/22/2015 10:23:03 - 1031	M	1207,-1,pay_fild04
12/22/2015 10:23:03 - 1031	M	512,-1,pay_fild04
12/22/2015 10:23:03 - 1031	M	4033,-1,pay_fild04
12/22/2015 10:23:08 - 1582	M	1039,-1,pay_fild04
12/22/2015 10:23:08 - 1582	M	912,-1,pay_fild04
12/22/2015 10:23:08 - 1582	M	2255,-1,pay_fild04
12/22/2015 10:23:08 - 1582	M	512,-1,pay_fild04
12/22/2015 10:23:08 - 1582	M	7023,-1,pay_fild04
12/22/2015 10:23:08 - 1582	M	983,-1,pay_fild04
12/22/2015 10:23:08 - 1582	M	694,-1,pay_fild04
12/22/2015 10:23:08 - 1582	M	4174,-1,pay_fild04
12/22/2015 10:23:11 - 150002	P	4174,1,0,0,0,0,0,pay_fild04
12/22/2015 10:23:17 - 1113	M	909,-1,pay_fild04
12/22/2015 10:23:17 - 1113	M	1602,-1,pay_fild04
12/22/2015 10:23:17 - 1113	M	938,-1,pay_fild04
12/22/2015 10:23:17 - 1113	M	512,-1,pay_fild04
12/22/2015 10:23:17 - 1113	M	713,-1,pay_fild04
12/22/2015 10:23:17 - 1113	M	512,-1,pay_fild04
12/22/2015 10:23:17 - 1113	M	620,-1,pay_fild04
12/22/2015 10:23:18 - 1031	M	938,-1,pay_fild04
12/22/2015 10:23:18 - 1031	M	910,-1,pay_fild04
12/22/2015 10:23:19 - 1031	M	511,-1,pay_fild04
12/22/2015 10:23:19 - 1031	M	514,-1,pay_fild04
12/22/2015 10:23:19 - 1031	M	512,-1,pay_fild04
12/22/2015 10:23:19 - 1031	M	1207,-1,pay_fild04
12/22/2015 10:23:19 - 1031	M	512,-1,pay_fild04
12/22/2015 10:23:19 - 1031	M	4033,-1,pay_fild04
12/22/2015 10:23:45 - 1316	M	967,-1,tur_dun02
12/22/2015 10:23:45 - 1316	M	7070,-1,tur_dun02
12/22/2015 10:23:45 - 1316	M	7067,-1,tur_dun02
12/22/2015 10:23:45 - 1316	M	508,-1,tur_dun02
12/22/2015 10:23:45 - 1316	M	912,-1,tur_dun02
12/22/2015 10:23:45 - 1316	M	518,-1,tur_dun02
12/22/2015 10:23:45 - 1316	M	1519,-1,tur_dun02
12/22/2015 10:23:45 - 1316	M	4220,-1,tur_dun02
12/22/2015 10:23:49 - 1316	M	967,-1,tur_dun02
12/22/2015 10:23:49 - 1316	M	7070,-1,tur_dun02
12/22/2015 10:23:49 - 1316	M	7067,-1,tur_dun02
12/22/2015 10:23:49 - 1316	M	508,-1,tur_dun02
12/22/2015 10:23:49 - 1316	M	912,-1,tur_dun02
12/22/2015 10:23:49 - 1316	M	518,-1,tur_dun02
12/22/2015 10:23:49 - 1316	M	1519,-1,tur_dun02
12/22/2015 10:23:49 - 1316	M	4220,-1,tur_dun02
12/22/2015 10:23:51 - 1319	M	967,-1,tur_dun02
12/22/2015 10:23:51 - 1319	M	7070,-1,tur_dun02
12/22/2015 10:23:51 - 1319	M	7066,-1,tur_dun02
12/22/2015 10:23:51 - 1319	M	912,-1,tur_dun02
12/22/2015 10:23:51 - 1319	M	526,-1,tur_dun02
12/22/2015 10:23:51 - 1319	M	7053,-1,tur_dun02
12/22/2015 10:23:51 - 1319	M	689,-1,tur_dun02
12/22/2015 10:23:51 - 1319	M	4319,-1,tur_dun02
12/22/2015 10:23:56 - 1316	M	967,-1,tur_dun02
12/22/2015 10:23:56 - 1316	M	7070,-1,tur_dun02
12/22/2015 10:23:56 - 1316	M	7067,-1,tur_dun02
12/22/2015 10:23:56 - 1316	M	508,-1,tur_dun02
12/22/2015 10:23:56 - 1316	M	912,-1,tur_dun02
12/22/2015 10:23:56 - 1316	M	518,-1,tur_dun02
12/22/2015 10:23:56 - 1316	M	1519,-1,tur_dun02
12/22/2015 10:24:00 - 1256	M	1055,-1,tur_dun02
12/22/2015 10:24:00 - 1256	M	7054,-1,tur_dun02
12/22/2015 10:24:00 - 1256	M	702,-1,tur_dun02
12/22/2015 10:24:00 - 1256	M	605,-1,tur_dun02
12/22/2015 10:24:00 - 1256	M	716,-1,tur_dun02
12/22/2015 10:24:00 - 1256	M	756,-1,tur_dun02
12/22/2015 10:24:00 - 1256	M	4315,-1,tur_dun02
12/22/2015 10:24:02 - 1314	M	967,-1,tur_dun02
12/22/2015 10:24:02 - 1314	M	7070,-1,tur_dun02
12/22/2015 10:24:02 - 1314	M	1019,-1,tur_dun02
12/22/2015 10:24:02 - 1314	M	507,-1,tur_dun02
12/22/2015 10:24:02 - 1314	M	912,-1,tur_dun02
12/22/2015 10:24:02 - 1314	M	522,-1,tur_dun02
12/22/2015 10:24:02 - 1314	M	605,-1,tur_dun02
12/22/2015 10:24:04 - 1316	M	967,-1,tur_dun02
12/22/2015 10:24:04 - 1316	M	7070,-1,tur_dun02
12/22/2015 10:24:04 - 1316	M	7067,-1,tur_dun02
12/22/2015 10:24:04 - 1316	M	508,-1,tur_dun02
12/22/2015 10:24:04 - 1316	M	912,-1,tur_dun02
12/22/2015 10:24:04 - 1316	M	518,-1,tur_dun02
12/22/2015 10:24:04 - 1316	M	1519,-1,tur_dun02
12/22/2015 10:24:04 - 1316	M	4220,-1,tur_dun02
12/22/2015 10:24:08 - 1314	M	967,-1,tur_dun02
12/22/2015 10:24:08 - 1314	M	7070,-1,tur_dun02
12/22/2015 10:24:08 - 1314	M	1019,-1,tur_dun02
12/22/2015 10:24:08 - 1314	M	507,-1,tur_dun02
12/22/2015 10:24:08 - 1314	M	912,-1,tur_dun02
12/22/2015 10:24:08 - 1314	M	522,-1,tur_dun02
12/22/2015 10:24:08 - 1314	M	605,-1,tur_dun02
12/22/2015 10:24:13 - 1316	M	967,-1,tur_dun02
12/22/2015 10:24:13 - 1316	M	7070,-1,tur_dun02
12/22/2015 10:24:13 - 1316	M	7067,-1,tur_dun02
12/22/2015 10:24:13 - 1316	M	508,-1,tur_dun02
12/22/2015 10:24:13 - 1316	M	912,-1,tur_dun02
12/22/2015 10:24:13 - 1316	M	518,-1,tur_dun02
12/22/2015 10:24:13 - 1316	M	1519,-1,tur_dun02
12/22/2015 10:24:13 - 1316	M	4220,-1,tur_dun02
12/22/2015 10:25:36 - 150002	A	5137,1,prontera
12/22/2015 10:25:46 - 150002	P	1201,-1,0,0,0,0,0,prontera
12/22/2015 10:25:52 - 150002	A	605,200,prontera
12/22/2015 10:25:58 - 150002	A	607,200,prontera
12/22/2015 10:26:01 - 150002	P	605,-200,0,0,0,0,0,prontera
12/22/2015 10:26:21 - 150002	A	678,200,prontera
12/22/2015 10:26:45 - 1319	M	967,-1,tur_dun03
12/22/2015 10:26:45 - 1319	M	7070,-1,tur_dun03
12/22/2015 10:26:45 - 1319	M	7066,-1,tur_dun03
12/22/2015 10:26:45 - 1319	M	912,-1,tur_dun03
12/22/2015 10:26:45 - 1319	M	526,-1,tur_dun03
12/22/2015 10:26:45 - 1319	M	7053,-1,tur_dun03
12/22/2015 10:26:45 - 1319	M	689,-1,tur_dun03
12/22/2015 10:26:46 - 1315	M	967,-1,tur_dun03
12/22/2015 10:26:46 - 1315	M	7069,-1,tur_dun03
12/22/2015 10:26:46 - 1315	M	7072,-1,tur_dun03
12/22/2015 10:26:46 - 1315	M	508,-1,tur_dun03
12/22/2015 10:26:46 - 1315	M	912,-1,tur_dun03
12/22/2015 10:26:46 - 1315	M	13300,-1,tur_dun03
12/22/2015 10:26:46 - 1315	M	603,-1,tur_dun03
12/22/2015 10:26:51 - 150002	A	13027,1,tur_dun03
12/22/2015 10:27:42 - 1312	M	1529,-1,tur_dun04
12/22/2015 10:27:42 - 1312	M	1306,-1,tur_dun04
12/22/2015 10:27:42 - 1312	M	7480,-1,tur_dun04
12/22/2015 10:27:42 - 1312	M	1417,-1,tur_dun04
12/22/2015 10:27:42 - 1312	M	7070,-1,tur_dun04
12/22/2015 10:27:42 - 1312	M	1141,-1,tur_dun04
12/22/2015 10:27:42 - 1312	M	658,-1,tur_dun04
12/22/2015 10:27:42 - 1312	M	4305,-1,tur_dun04
12/22/2015 10:27:42 - 1312	M	967,-1,tur_dun04
12/22/2015 10:27:42 - 150002	P	967,1,tur_dun04
12/22/2015 10:27:48 - 150002	P	4305,1,0,0,0,0,0,tur_dun04
12/22/2015 10:27:49 - 150002	P	658,1,0,0,0,0,0,tur_dun04
12/22/2015 10:27:50 - 150002	P	7480,1,0,0,0,0,0,tur_dun04
12/22/2015 10:27:58 - 150002	P	658,-1,0,0,0,0,0,prontera
12/22/2015 10:28:10 - 150002	P	967,-1,0,0,0,0,0,prontera
12/22/2015 10:52:03 - 150001	P	2301,-1,0,0,0,0,0,prontera
12/22/2015 10:52:04 - 150001	P	1201,-1,0,0,0,0,0,prontera
12/22/2015 17:22:39 - 150000	C	607,-1,0,0,0,0,0,prontera
12/22/2015 17:22:44 - 150000	A	607,1,prontera
12/22/2015 17:25:20 - 150000	P	607,-896,0,0,0,0,0,prontera
12/22/2015 17:25:27 - 150000	A	607,100,prontera
12/22/2015 17:25:31 - 150000	A	607,100,prontera
12/22/2015 17:25:35 - 150000	A	607,200,prontera
12/22/2015 17:25:38 - 150000	A	607,200,prontera
12/22/2015 17:26:13 - 150000	A	607,200,prontera
12/22/2015 17:26:15 - 150000	A	607,200,prontera
12/22/2015 22:40:09 - 1324	M	616,-1,prt_are_in
12/22/2015 22:40:12 - 1324	M	2104,-1,prt_are_in
12/22/2015 22:40:14 - 150000	P	2104,1,0,0,0,0,0,prt_are_in
12/22/2015 22:40:15 - 150000	P	616,1,0,0,0,0,0,prt_are_in
12/22/2015 22:40:21 - 150000	C	616,-1,0,0,0,0,0,prt_are_in
12/22/2015 22:40:21 - 150000	N	4297,1,prt_are_in
12/22/2015 22:57:17 - 1341	M	985,-1,prt_are_in
12/22/2015 22:57:20 - 1341	M	984,-1,prt_are_in
12/22/2015 22:57:26 - 1341	M	604,-1,prt_are_in
12/22/2015 22:57:27 - 150000	P	604,1,0,0,0,0,0,prt_are_in
12/22/2015 22:57:56 - 1341	M	984,-1,prt_are_in
12/22/2015 22:58:22 - 1324	M	732,-1,prt_are_in
12/22/2015 22:58:23 - 1324	M	607,-1,prt_are_in
12/22/2015 22:58:24 - 150000	P	607,1,0,0,0,0,0,prt_are_in
12/22/2015 22:58:26 - 150000	P	732,1,0,0,0,0,0,prt_are_in
12/22/2015 22:59:18 - 1324	M	1010,-1,prt_are_in
12/22/2015 23:00:11 - 1324	M	2315,-1,prt_are_in
12/23/2015 10:01:52 - 1324	M	732,-1,prt_are_in
12/23/2015 10:01:54 - 150000	P	732,1,0,0,0,0,0,prt_are_in
12/23/2015 10:24:43 - 150000	A	714,1,prontera
12/23/2015 11:59:10 - 150000	C	607,-1,0,0,0,0,0,prt_are_in
12/23/2015 12:15:49 - 1324	M	607,-1,prt_are_in
12/23/2015 12:15:49 - 1324	M	616,-1,prt_are_in
12/23/2015 12:15:51 - 150000	P	616,1,0,0,0,0,0,prt_are_in
12/23/2015 12:15:53 - 150000	P	607,1,0,0,0,0,0,prt_are_in
